0 info it worked if it ends with ok
1 verbose cli [ '/usr/local/bin/node',
1 verbose cli   '/usr/local/bin/npm',
1 verbose cli   'run',
1 verbose cli   'test_server' ]
2 info using npm@3.10.8
3 info using node@v7.0.0
4 verbose run-script [ 'pretest_server', 'test_server', 'posttest_server' ]
5 info lifecycle cassandra-songlist@1.0.0~pretest_server: cassandra-songlist@1.0.0
6 silly lifecycle cassandra-songlist@1.0.0~pretest_server: no script for pretest_server, continuing
7 info lifecycle cassandra-songlist@1.0.0~test_server: cassandra-songlist@1.0.0
8 verbose lifecycle cassandra-songlist@1.0.0~test_server: unsafe-perm in lifecycle true
9 verbose lifecycle cassandra-songlist@1.0.0~test_server: PATH: /usr/local/lib/node_modules/npm/bin/node-gyp-bin:/Users/CCYang/workspace/personal/cassandraSongList/node_modules/.bin:/usr/local/bin:/usr/bin:/bin:/usr/sbin:/sbin:/opt/X11/bin:/usr/local/CrossPack-AVR/bin:/Users/CCYang/Dev/apache-tomcat-8.0.30/bin:/Users/CCYang/Dev/apache-maven-3.3.9/bin:/Users/CCYang/bin:/opt/apache-cassandra-2.2.8/bin
10 verbose lifecycle cassandra-songlist@1.0.0~test_server: CWD: /Users/CCYang/workspace/personal/cassandraSongList
11 silly lifecycle cassandra-songlist@1.0.0~test_server: Args: [ '-c', './scripts/test_server.sh' ]
12 silly lifecycle cassandra-songlist@1.0.0~test_server: Returned: code: 1  signal: null
13 info lifecycle cassandra-songlist@1.0.0~test_server: Failed to exec test_server script
14 verbose stack Error: cassandra-songlist@1.0.0 test_server: `./scripts/test_server.sh`
14 verbose stack Exit status 1
14 verbose stack     at EventEmitter.<anonymous> (/usr/local/lib/node_modules/npm/lib/utils/lifecycle.js:255:16)
14 verbose stack     at emitTwo (events.js:106:13)
14 verbose stack     at EventEmitter.emit (events.js:191:7)
14 verbose stack     at ChildProcess.<anonymous> (/usr/local/lib/node_modules/npm/lib/utils/spawn.js:40:14)
14 verbose stack     at emitTwo (events.js:106:13)
14 verbose stack     at ChildProcess.emit (events.js:191:7)
14 verbose stack     at maybeClose (internal/child_process.js:877:16)
14 verbose stack     at Process.ChildProcess._handle.onexit (internal/child_process.js:226:5)
15 verbose pkgid cassandra-songlist@1.0.0
16 verbose cwd /Users/CCYang/workspace/personal/cassandraSongList
17 error Darwin 15.6.0
18 error argv "/usr/local/bin/node" "/usr/local/bin/npm" "run" "test_server"
19 error node v7.0.0
20 error npm  v3.10.8
21 error code ELIFECYCLE
22 error cassandra-songlist@1.0.0 test_server: `./scripts/test_server.sh`
22 error Exit status 1
23 error Failed at the cassandra-songlist@1.0.0 test_server script './scripts/test_server.sh'.
23 error Make sure you have the latest version of node.js and npm installed.
23 error If you do, this is most likely a problem with the cassandra-songlist package,
23 error not with npm itself.
23 error Tell the author that this fails on your system:
23 error     ./scripts/test_server.sh
23 error You can get information on how to open an issue for this project with:
23 error     npm bugs cassandra-songlist
23 error Or if that isn't available, you can get their info via:
23 error     npm owner ls cassandra-songlist
23 error There is likely additional logging output above.
24 verbose exit [ 1, true ]
